-------------------------------------------------------------------------------
Test set: org.example.TodoAppApplicationTests
-------------------------------------------------------------------------------
Tests run: 1, Failures: 0, Errors: 1, Skipped: 0, Time elapsed: 0.002 s <<< FAILURE! - in org.example.TodoAppApplicationTests
org.example.TodoAppApplicationTests  Time elapsed: 0.002 s  <<< ERROR!
java.lang.TypeNotPresentException: Type org.springframework.test.context.junit.jupiter.SpringExtension not present
Caused by: java.lang.ClassNotFoundException: org.springframework.test.context.junit.jupiter.SpringExtension

