<?xml version="1.0" encoding="UTF-8"?>
<testsuite xmlns:xsi="http://www.w3.org/2001/XMLSchema-instance" xsi:noNamespaceSchemaLocation="https://maven.apache.org/surefire/maven-surefire-plugin/xsd/surefire-test-report.xsd" name="org.example.service.ToDoServiceTest" time="0.123" tests="3" errors="3" skipped="0" failures="0">
  <properties>
[...]
</properties>
  <testcase name="testFindByTaskId_whenTaskIdExists_shouldReturnTask" classname="org.example.service.ToDoServiceTest" time="0.105">
    <error type="java.lang.NullPointerException">java.lang.NullPointerException
	at org.example.service.ToDoServiceTest.testFindByTaskId_whenTaskIdExists_shouldReturnTask(ToDoServiceTest.java:44)
</error>
  </testcase>
  <testcase name="testCreateTask_whenUserIdExist_shouldCreateTask" classname="org.example.service.ToDoServiceTest" time="0.008">
    <error type="java.lang.NullPointerException">java.lang.NullPointerException
	at org.example.service.ToDoServiceTest.testCreateTask_whenUserIdExist_shouldCreateTask(ToDoServiceTest.java:73)
</error>
  </testcase>
  <testcase name="testFindByTaskId_whenTaskIdDoesNotExists_shouldThrowTaskNotFoundException" classname="org.example.service.ToDoServiceTest" time="0.001">
    <error type="java.lang.NullPointerException">java.lang.NullPointerException
	at org.example.service.ToDoServiceTest.testFindByTaskId_whenTaskIdDoesNotExists_shouldThrowTaskNotFoundException(ToDoServiceTest.java:54)
</error>
  </testcase>
</testsuite>